Removed Pin From Net: NetName=pin 32 Pin=JP?-7
Removed Pin From Net: NetName=pin 31 Pin=JP?-8
Removed Pin From Net: NetName=pin 30 Pin=JP?-9
Removed Pin From Net: NetName=pin 29 Pin=JP?-10
Removed Pin From Net: NetName=pin 28 Pin=JP?-11
Removed Pin From Net: NetName=pin 27 Pin=JP?-12
Change Component Footprint: Designator=JP? Old Footprint=JP 2x6 CT New Footprint=JP 1x8 CT
Change Component Comment : Designator=JP? Old Comment=JP 2x6 2.54 New Comment=JP 1x8 2.54
Change component parameters: Designator = "JP?" ("JP?"); Footprint = "JP 2x6 CT"; UniqueID = "\RIRUJIZN" ("\RIRUJIZN")
Change component parameters (AddParameter): Name = "Chung_Loai"; Value = "C?m"; VariantName = "[No Variations]"
Change component parameters (AddParameter): Name = "Don_Vi"; Value = "Con"; VariantName = "[No Variations]"
Change component parameters (AddParameter): Name = "Ghi_Chu"; Value = ""; VariantName = "[No Variations]"
Change component parameters (AddParameter): Name = "Kieu_Chan"; Value = ""; VariantName = "[No Variations]"
Change component parameters (AddParameter): Name = "Ma_Hang"; Value = "MH004006"; VariantName = "[No Variations]"
Change component parameters (AddParameter): Name = "Ten_Linh_Kien"; Value = "Jump Ðon Cái 2.54MM 1x20P Th?ng"; VariantName = "[No Variations]"
Added Component: Designator=Push SW(VH3.96M-2)
Add component (AddParameter): Name = "Chung_Loai"; Value = "C?m"; VariantName = "[No Variations]"
Add component (AddParameter): Name = "Don_Vi"; Value = "Con"; VariantName = "[No Variations]"
Add component (AddParameter): Name = "Ghi_Chu"; Value = ""; VariantName = "[No Variations]"
Add component (AddParameter): Name = "Kieu_Chan"; Value = ""; VariantName = "[No Variations]"
Add component (AddParameter): Name = "Ma_Hang"; Value = "MH001283"; VariantName = "[No Variations]"
Add component (AddParameter): Name = "Ten_Linh_Kien"; Value = "Header 2P XH2.54-2P Ð?c Th?ng"; VariantName = "[No Variations]"
Added Pin To Net: NetName=pin 27 Pin=JP?-7
Added Pin To Net: NetName=pin 28 Pin=JP?-8
Added Pin To Net: NetName=+5 Pin=Push SW-1
Added Pin To Net: NetName=NetD6_1 Pin=Push SW-2
Added Member To Class: ClassName=Sheet1 Member=Component JP1 JP 1x8 2.54
Added Member To Class: ClassName=Sheet1 Member=Component Push SW Header 2P VH3.96 Duc Thang
