Removed Pin From Net: NetName=NetButton 1_2 Pin=D6-2
Removed Pin From Net: NetName=NetButton 1_2 Pin=D7-1
Removed Pin From Net: NetName=control 5v or 12v Pin=D7-2
Change Component Footprint: Designator=D3 Old Footprint=DIODE 1A New Footprint=DIODE SMA
Change Component Footprint: Designator=D4 Old Footprint=DIODE 1A New Footprint=DIODE SMA
Change Component Footprint: Designator=D5 Old Footprint=DIODE 1A New Footprint=DIODE SMA
Change Component Footprint: Designator=D6 Old Footprint=DIODE 1A New Footprint=DIODE SMA
Change Component Footprint: Designator=D7 Old Footprint=DIODE 1A New Footprint=DIODE SMA
Change Component Comment : Designator=D3 Old Comment=100v New Comment=M7
Change Component Comment : Designator=D4 Old Comment=100v New Comment=M7
Change Component Comment : Designator=D5 Old Comment=100v New Comment=M7
Change Component Comment : Designator=D6 Old Comment=100v New Comment=M7
Change Component Comment : Designator=D7 Old Comment=100v New Comment=M7
Change component parameters: Designator = "D3" ("D3"); Footprint = "DIODE 1A"; UniqueID = "\YPOHNMGY" ("\YPOHNMGY")
Change component parameters (AddParameter): Name = "Chung_Loai"; Value = "Dán"; VariantName = "[No Variations]"
Change component parameters (AddParameter): Name = "Don_Vi"; Value = "Con"; VariantName = "[No Variations]"
Change component parameters (AddParameter): Name = "Ghi_Chu"; Value = ""; VariantName = "[No Variations]"
Change component parameters (AddParameter): Name = "Kieu_Chan"; Value = ""; VariantName = "[No Variations]"
Change component parameters (AddParameter): Name = "Ma_Hang"; Value = "MH000944"; VariantName = "[No Variations]"
Change component parameters (AddParameter): Name = "Ten_Linh_Kien"; Value = "Diode M7 1N4007 SMD 1A 1000V"; VariantName = "[No Variations]"
Change component parameters: Designator = "D4" ("D4"); Footprint = "DIODE 1A"; UniqueID = "\DIQLYIMJ" ("\DIQLYIMJ")
Change component parameters (AddParameter): Name = "Chung_Loai"; Value = "Dán"; VariantName = "[No Variations]"
Change component parameters (AddParameter): Name = "Don_Vi"; Value = "Con"; VariantName = "[No Variations]"
Change component parameters (AddParameter): Name = "Ghi_Chu"; Value = ""; VariantName = "[No Variations]"
Change component parameters (AddParameter): Name = "Kieu_Chan"; Value = ""; VariantName = "[No Variations]"
Change component parameters (AddParameter): Name = "Ma_Hang"; Value = "MH000944"; VariantName = "[No Variations]"
Change component parameters (AddParameter): Name = "Ten_Linh_Kien"; Value = "Diode M7 1N4007 SMD 1A 1000V"; VariantName = "[No Variations]"
Change component parameters: Designator = "D5" ("D5"); Footprint = "DIODE 1A"; UniqueID = "\KEDGGKEF" ("\KEDGGKEF")
Change component parameters (AddParameter): Name = "Chung_Loai"; Value = "Dán"; VariantName = "[No Variations]"
Change component parameters (AddParameter): Name = "Don_Vi"; Value = "Con"; VariantName = "[No Variations]"
Change component parameters (AddParameter): Name = "Ghi_Chu"; Value = ""; VariantName = "[No Variations]"
Change component parameters (AddParameter): Name = "Kieu_Chan"; Value = ""; VariantName = "[No Variations]"
Change component parameters (AddParameter): Name = "Ma_Hang"; Value = "MH000944"; VariantName = "[No Variations]"
Change component parameters (AddParameter): Name = "Ten_Linh_Kien"; Value = "Diode M7 1N4007 SMD 1A 1000V"; VariantName = "[No Variations]"
Change component parameters: Designator = "D6" ("D6"); Footprint = "DIODE 1A"; UniqueID = "\VHZHCEJS" ("\VHZHCEJS")
Change component parameters (AddParameter): Name = "Chung_Loai"; Value = "Dán"; VariantName = "[No Variations]"
Change component parameters (AddParameter): Name = "Don_Vi"; Value = "Con"; VariantName = "[No Variations]"
Change component parameters (AddParameter): Name = "Ghi_Chu"; Value = ""; VariantName = "[No Variations]"
Change component parameters (AddParameter): Name = "Kieu_Chan"; Value = ""; VariantName = "[No Variations]"
Change component parameters (AddParameter): Name = "Ma_Hang"; Value = "MH000944"; VariantName = "[No Variations]"
Change component parameters (AddParameter): Name = "Ten_Linh_Kien"; Value = "Diode M7 1N4007 SMD 1A 1000V"; VariantName = "[No Variations]"
Change component parameters: Designator = "D7" ("D7"); Footprint = "DIODE 1A"; UniqueID = "\PVVTGSLC" ("\PVVTGSLC")
Change component parameters (AddParameter): Name = "Chung_Loai"; Value = "Dán"; VariantName = "[No Variations]"
Change component parameters (AddParameter): Name = "Don_Vi"; Value = "Con"; VariantName = "[No Variations]"
Change component parameters (AddParameter): Name = "Ghi_Chu"; Value = ""; VariantName = "[No Variations]"
Change component parameters (AddParameter): Name = "Kieu_Chan"; Value = ""; VariantName = "[No Variations]"
Change component parameters (AddParameter): Name = "Ma_Hang"; Value = "MH000944"; VariantName = "[No Variations]"
Change component parameters (AddParameter): Name = "Ten_Linh_Kien"; Value = "Diode M7 1N4007 SMD 1A 1000V"; VariantName = "[No Variations]"
Added Pin To Net: NetName=NetButton 1_2 Pin=D6-1
Added Pin To Net: NetName=control 5v or 12v Pin=D6-2
Added Pin To Net: NetName=NetButton 1_2 Pin=D7-2
Added Pin To Net: NetName=NetD7_1 Pin=D7-1
Added Pin To Net: NetName=NetD7_1 Pin=U3-2
Added Net: Name=NetD7_1
