Removed Pin From Net: NetName=5V MCU Pin=Arduino_MEGA1-5
Removed Pin From Net: NetName=GND Pin=Arduino_MEGA1-6
Removed Pin From Net: NetName=GND Pin=Arduino_MEGA1-7
Removed Pin From Net: NetName=Vin Pin=Arduino_MEGA1-8
Removed Pin From Net: NetName=adc nhiet do Pin=Arduino_MEGA1-9
Removed Pin From Net: NetName=adc gas 1 Pin=Arduino_MEGA1-10
Removed Pin From Net: NetName=adc gas 2 Pin=Arduino_MEGA1-11
Removed Pin From Net: NetName=adc gas 3 Pin=Arduino_MEGA1-12
Removed Pin From Net: NetName=adc gas 4 Pin=Arduino_MEGA1-13
Removed Pin From Net: NetName=on off gas sensor Pin=Arduino_MEGA1-15
Removed Pin From Net: NetName=control 5v or 12v Pin=Arduino_MEGA1-24
Removed Pin From Net: NetName=RX mcu Pin=Arduino_MEGA1-69
Removed Pin From Net: NetName=TX mcu Pin=Arduino_MEGA1-70
Removed Pin From Net: NetName=LED RED Pin=Arduino_MEGA1-71
Removed Pin From Net: NetName=LED GREEN Pin=Arduino_MEGA1-72
Removed Pin From Net: NetName=inlet_pin Pin=Arduino_MEGA1-77
Removed Pin From Net: NetName=nozzle_pin Pin=Arduino_MEGA1-78
Removed Pin From Net: NetName=door_pin Pin=Arduino_MEGA1-79
Removed Member From Class: ClassName=Sheet1 Member=Arduino_MEGA1
Added Member To Class: ClassName=Sheet1 Member=Component D2 1N4007
Added Member To Class: ClassName=Sheet1 Member=Component Q1 LM7805CT/NOPB
Added Member To Class: ClassName=Sheet1 Member=Component Q3 2N2222
