Removed Pin From Net: NetName=+5 Pin=Arduino_MEGA1-59
Removed Pin From Net: NetName=+5 Pin=Arduino_MEGA1-60
Removed Pin From Net: NetName=+5 Pin=C5-1
Removed Pin From Net: NetName=+5 Pin=D3-2
Removed Pin From Net: NetName=+5 Pin=D5-2
Removed Pin From Net: NetName=+5 Pin=door1-2
Removed Pin From Net: NetName=+5 Pin=inlet1-2
Removed Pin From Net: NetName=+5 Pin=nozzle1-2
Removed Pin From Net: NetName=+5 Pin=Q3-3
Removed Pin From Net: NetName=+5 Pin=RL1-3
Removed Pin From Net: NetName=+5 Pin=RL1-5
Removed Pin From Net: NetName=+5 Pin=RL2-5
Removed Pin From Net: NetName=+5 Pin=Temperature Header1-3
Removed Pin From Net: NetName=+5 Pin=U1-16
Removed Pin From Net: NetName=+5 Pin=U2-4
Removed Pin From Net: NetName=+5 Pin=U3-4
Change Net Name : Old Net Name=+5 New Net Name=GND
Added Pin To Net: NetName=+5 Pin=Arduino_MEGA1-59
Added Pin To Net: NetName=+5 Pin=Arduino_MEGA1-60
Added Pin To Net: NetName=+5 Pin=C5-1
Added Pin To Net: NetName=+5 Pin=D3-2
Added Pin To Net: NetName=+5 Pin=D5-2
Added Pin To Net: NetName=+5 Pin=door1-2
Added Pin To Net: NetName=+5 Pin=inlet1-2
Added Pin To Net: NetName=+5 Pin=nozzle1-2
Added Pin To Net: NetName=+5 Pin=Q3-3
Added Pin To Net: NetName=+5 Pin=RL1-3
Added Pin To Net: NetName=+5 Pin=RL1-5
Added Pin To Net: NetName=+5 Pin=RL2-5
Added Pin To Net: NetName=+5 Pin=Temperature Header1-3
Added Pin To Net: NetName=+5 Pin=U1-16
Added Pin To Net: NetName=+5 Pin=U2-4
Added Pin To Net: NetName=+5 Pin=U3-4
Added Net: Name=+5
Added Member To Class: ClassName=Sheet1 Member=Component JP1 JP 1x8 2.54
