Change Component Designator: OldDesignator=MAX232 NewDesignator=U1
Added Member To Class: ClassName=Sheet1 Member=Component C6 105
Added Member To Class: ClassName=Sheet1 Member=Component C8 100uF
Added Member To Class: ClassName=Sheet1 Member=Component C10 104
Added Member To Class: ClassName=Sheet1 Member=Component C11 104
Added Member To Class: ClassName=Sheet1 Member=Component Gas Sensor 3 Gas Sensor 2
Added Member To Class: ClassName=Sheet1 Member=Component Q1 2N2222A
Added Member To Class: ClassName=Sheet1 Member=Component Q4 2N2222A
Added Member To Class: ClassName=Sheet1 Member=Component Q5 2N2222A
Added Member To Class: ClassName=Sheet1 Member=Component R2 4.7k
Added Member To Class: ClassName=Sheet1 Member=Component R3 4.7k
Added Member To Class: ClassName=Sheet1 Member=Component R4 3.3k
Added Member To Class: ClassName=Sheet1 Member=Component R5 3.3k
Added Member To Class: ClassName=Sheet1 Member=Component R6 3.3k
Added Member To Class: ClassName=Sheet1 Member=Component R7 3.3k
Added Member To Class: ClassName=Sheet1 Member=Component R8 3.3k
Added Member To Class: ClassName=Sheet1 Member=Component R9 3.3k
Added Member To Class: ClassName=Sheet1 Member=Component R10 10k
Added Member To Class: ClassName=Sheet1 Member=Component R12 10k
Added Member To Class: ClassName=Sheet1 Member=Component R13 3.3k
Added Member To Class: ClassName=Sheet1 Member=Component R14 3.3k
Added Member To Class: ClassName=Sheet1 Member=Component U1 MAX232ESE+
Added Room: Name=Sheet1
