Removed Pin From Net: NetName=GND Pin=gas sensor 1-2
Removed Pin From Net: NetName=adc gas 1 Pin=gas sensor 1-3
Removed Pin From Net: NetName=GND Pin=Gas sensor 2-2
Removed Pin From Net: NetName=adc gas 2 Pin=Gas sensor 2-3
Removed Pin From Net: NetName=GND Pin=Gas sensor 3-2
Removed Pin From Net: NetName=adc gas 3 Pin=Gas sensor 3-3
Removed Pin From Net: NetName=GND Pin=Gas sensor 4-2
Removed Pin From Net: NetName=adc gas 4 Pin=Gas sensor 4-3
Removed Member From Class: ClassName=Sheet1 Member=gas sensor 1
Removed Member From Class: ClassName=Sheet1 Member=Gas sensor 2
Removed Member From Class: ClassName=Sheet1 Member=Gas sensor 3
Removed Member From Class: ClassName=Sheet1 Member=Gas sensor 4
Added Component: Designator=H3(XH2.54M-3)
Add component (AddParameter): Name = "Chung_Loai"; Value = "C?m"; VariantName = "[No Variations]"
Add component (AddParameter): Name = "Don_Vi"; Value = "Con"; VariantName = "[No Variations]"
Add component (AddParameter): Name = "Ghi_Chu"; Value = ""; VariantName = "[No Variations]"
Add component (AddParameter): Name = "Kieu_Chan"; Value = ""; VariantName = "[No Variations]"
Add component (AddParameter): Name = "Ma_Hang"; Value = "MH001292"; VariantName = "[No Variations]"
Add component (AddParameter): Name = "Ten_Linh_Kien"; Value = "Header 3P XH2.54-3P Ð?c Th?ng"; VariantName = "[No Variations]"
Added Component: Designator=H4(XH2.54M-3)
Add component (AddParameter): Name = "Chung_Loai"; Value = "C?m"; VariantName = "[No Variations]"
Add component (AddParameter): Name = "Don_Vi"; Value = "Con"; VariantName = "[No Variations]"
Add component (AddParameter): Name = "Ghi_Chu"; Value = ""; VariantName = "[No Variations]"
Add component (AddParameter): Name = "Kieu_Chan"; Value = ""; VariantName = "[No Variations]"
Add component (AddParameter): Name = "Ma_Hang"; Value = "MH001292"; VariantName = "[No Variations]"
Add component (AddParameter): Name = "Ten_Linh_Kien"; Value = "Header 3P XH2.54-3P Ð?c Th?ng"; VariantName = "[No Variations]"
Added Component: Designator=H5(XH2.54M-3)
Add component (AddParameter): Name = "Chung_Loai"; Value = "C?m"; VariantName = "[No Variations]"
Add component (AddParameter): Name = "Don_Vi"; Value = "Con"; VariantName = "[No Variations]"
Add component (AddParameter): Name = "Ghi_Chu"; Value = ""; VariantName = "[No Variations]"
Add component (AddParameter): Name = "Kieu_Chan"; Value = ""; VariantName = "[No Variations]"
Add component (AddParameter): Name = "Ma_Hang"; Value = "MH001292"; VariantName = "[No Variations]"
Add component (AddParameter): Name = "Ten_Linh_Kien"; Value = "Header 3P XH2.54-3P Ð?c Th?ng"; VariantName = "[No Variations]"
Added Component: Designator=H6(XH2.54M-3)
Add component (AddParameter): Name = "Chung_Loai"; Value = "C?m"; VariantName = "[No Variations]"
Add component (AddParameter): Name = "Don_Vi"; Value = "Con"; VariantName = "[No Variations]"
Add component (AddParameter): Name = "Ghi_Chu"; Value = ""; VariantName = "[No Variations]"
Add component (AddParameter): Name = "Kieu_Chan"; Value = ""; VariantName = "[No Variations]"
Add component (AddParameter): Name = "Ma_Hang"; Value = "MH001292"; VariantName = "[No Variations]"
Add component (AddParameter): Name = "Ten_Linh_Kien"; Value = "Header 3P XH2.54-3P Ð?c Th?ng"; VariantName = "[No Variations]"
Added Pin To Net: NetName=GND Pin=H3-2
Added Pin To Net: NetName=adc gas 1 Pin=H3-3
Added Pin To Net: NetName=GND Pin=H4-2
Added Pin To Net: NetName=adc gas 2 Pin=H4-3
Added Pin To Net: NetName=GND Pin=H5-2
Added Pin To Net: NetName=adc gas 3 Pin=H5-3
Added Pin To Net: NetName=GND Pin=H6-2
Added Pin To Net: NetName=adc gas 4 Pin=H6-3
Added Pin To Net: NetName=NetH3_1 Pin=H3-1
Added Pin To Net: NetName=NetH3_1 Pin=H4-1
Added Pin To Net: NetName=NetH3_1 Pin=H5-1
Added Pin To Net: NetName=NetH3_1 Pin=H6-1
Added Pin To Net: NetName=NetH3_1 Pin=Q2-1
Added Net: Name=NetH3_1
Added Member To Class: ClassName=Sheet1 Member=Component H3 Gas Sensor 1
Added Member To Class: ClassName=Sheet1 Member=Component H4 Gas Sensor 3
Added Member To Class: ClassName=Sheet1 Member=Component H5 Gas Sensor 2
Added Member To Class: ClassName=Sheet1 Member=Component H6 Gas Sensor 4
