Change Component Designator: Old Designator=Arduino_MEGA1 New Designator=Arduino_MEGA?
Change Component Designator: Old Designator=Button 1 New Designator=Button ?
Change Component Designator: Old Designator=Buzzer1 New Designator=Buzzer?
Change Component Designator: Old Designator=C1 New Designator=C?
Change Component Designator: Old Designator=C2 New Designator=C?
Change Component Designator: Old Designator=C3 New Designator=C?
Change Component Designator: Old Designator=C4 New Designator=C?
Change Component Designator: Old Designator=C5 New Designator=C?
Change Component Designator: Old Designator=C6 New Designator=C?
Change Component Designator: Old Designator=C7 New Designator=C?
Change Component Designator: Old Designator=C8 New Designator=C?
Change Component Designator: Old Designator=C9 New Designator=C?
Change Component Designator: Old Designator=C10 New Designator=C?
Change Component Designator: Old Designator=C11 New Designator=C?
Change Component Designator: Old Designator=C12 New Designator=C?
Change Component Designator: Old Designator=D1 New Designator=D?
Change Component Designator: Old Designator=D2 New Designator=D?
Change Component Designator: Old Designator=D3 New Designator=D?
Change Component Designator: Old Designator=D4 New Designator=D?
Change Component Designator: Old Designator=D5 New Designator=D?
Change Component Designator: Old Designator=D6 New Designator=D?
Change Component Designator: Old Designator=door1 New Designator=door?
Change Component Designator: Old Designator=Gas Sensor 1 New Designator=Gas Sensor ?
Change Component Designator: Old Designator=Gas Sensor 2 New Designator=Gas Sensor ?
Change Component Designator: Old Designator=Gas Sensor 3 New Designator=Gas Sensor ?
Change Component Designator: Old Designator=Gas Sensor 4 New Designator=Gas Sensor ?
Change Component Designator: Old Designator=H1 New Designator=H?
Change Component Designator: Old Designator=H2 New Designator=H?
Change Component Designator: Old Designator=inlet1 New Designator=inlet?
Change Component Designator: Old Designator=JP1 New Designator=JP?
Change Component Designator: Old Designator=L1 New Designator=L?
Change Component Designator: Old Designator=LED_RX New Designator=LED_RX?
Change Component Designator: Old Designator=LED_TX New Designator=LED_TX?
Change Component Designator: Old Designator=Led green1 New Designator=Led green?
Change Component Designator: Old Designator=Led red1 New Designator=Led red?
Change Component Designator: Old Designator=LM7805 New Designator=LM?
Change Component Designator: Old Designator=LM7809CT New Designator=LM?
Change Component Designator: Old Designator=Motor1 New Designator=Motor?
Change Component Designator: Old Designator=nozzle1 New Designator=nozzle?
Change Component Designator: Old Designator=Q1 New Designator=Q?
Change Component Designator: Old Designator=Q2 New Designator=Q?
Change Component Designator: Old Designator=Q3 New Designator=Q?
Change Component Designator: Old Designator=Q4 New Designator=Q?
Change Component Designator: Old Designator=Q5 New Designator=Q?
Change Component Designator: Old Designator=R1 New Designator=R?
Change Component Designator: Old Designator=R4 New Designator=R?
Change Component Designator: Old Designator=R5 New Designator=R?
Change Component Designator: Old Designator=R6 New Designator=R?
Change Component Designator: Old Designator=R7 New Designator=R?
Change Component Designator: Old Designator=R8 New Designator=R?
Change Component Designator: Old Designator=R9 New Designator=R?
Change Component Designator: Old Designator=R10 New Designator=R?
Change Component Designator: Old Designator=R11 New Designator=R?
Change Component Designator: Old Designator=R12 New Designator=R?
Change Component Designator: Old Designator=R13 New Designator=R?
Change Component Designator: Old Designator=R14 New Designator=R?
Change Component Designator: Old Designator=R15 New Designator=R?
Change Component Designator: Old Designator=R16 New Designator=R?
Change Component Designator: Old Designator=RL1 New Designator=RL?
Change Component Designator: Old Designator=RL2 New Designator=RL?
Change Component Designator: Old Designator=Temperature Header1 New Designator=Temperature Header?
Change Component Designator: Old Designator=U1 New Designator=U?
Change Component Designator: Old Designator=U2 New Designator=U?
Change Component Designator: Old Designator=U3 New Designator=U?
