Replace Part Arduino_MEGA1 Arduino_MEGA in E:\1. WORK\Thiet bi\Verotec\PCB design\Verotec_PCB\bristleback_agha\Altium\Sheet1.SchDoc with Arduino_MEGA from ArduinoMEGE.IntLib
Replace Part Button 1 Header 2P 2.54 Duc Thang in E:\1. WORK\Thiet bi\Verotec\PCB design\Verotec_PCB\bristleback_agha\Altium\Sheet1.SchDoc with Header 2P 2.54 Duc Thang from Altium_Lib_by_KhueNguyenCreator.IntLib
Replace Part Buzzer1 Coi Chip Speaker in E:\1. WORK\Thiet bi\Verotec\PCB design\Verotec_PCB\bristleback_agha\Altium\Sheet1.SchDoc with Coi Chip Speaker from Altium_Lib_by_KhueNguyenCreator.IntLib
Replace Part C1 ECWFD2W105JC in E:\1. WORK\Thiet bi\Verotec\PCB design\Verotec_PCB\bristleback_agha\Altium\Sheet1.SchDoc with ECWFD2W105JC from ECWFD2W105JC.IntLib
Replace Part C2 ECWFD2W105JC in E:\1. WORK\Thiet bi\Verotec\PCB design\Verotec_PCB\bristleback_agha\Altium\Sheet1.SchDoc with ECWFD2W105JC from ECWFD2W105JC.IntLib
Replace Part C3 Tu Hoa 100uF 25V 6x11 in E:\1. WORK\Thiet bi\Verotec\PCB design\Verotec_PCB\bristleback_agha\Altium\Sheet1.SchDoc with Tu Hoa 100uF 25V 6x11 from Altium_Lib_by_KhueNguyenCreator.IntLib
Replace Part C4 Tu Hoa 100uF 25V 6x11 in E:\1. WORK\Thiet bi\Verotec\PCB design\Verotec_PCB\bristleback_agha\Altium\Sheet1.SchDoc with Tu Hoa 100uF 25V 6x11 from Altium_Lib_by_KhueNguyenCreator.IntLib
Replace Part C5 Tu Hoa 100uF 25V 6x11 in E:\1. WORK\Thiet bi\Verotec\PCB design\Verotec_PCB\bristleback_agha\Altium\Sheet1.SchDoc with Tu Hoa 100uF 25V 6x11 from Altium_Lib_by_KhueNguyenCreator.IntLib
Replace Part C6 Tu Hoa 100uF 25V 6x11 in E:\1. WORK\Thiet bi\Verotec\PCB design\Verotec_PCB\bristleback_agha\Altium\Sheet1.SchDoc with Tu Hoa 100uF 25V 6x11 from Altium_Lib_by_KhueNguyenCreator.IntLib
Replace Part C7 ECWFD2W105JC in E:\1. WORK\Thiet bi\Verotec\PCB design\Verotec_PCB\bristleback_agha\Altium\Sheet1.SchDoc with ECWFD2W105JC from ECWFD2W105JC.IntLib
Replace Part C8 ECWFD2W105JC in E:\1. WORK\Thiet bi\Verotec\PCB design\Verotec_PCB\bristleback_agha\Altium\Sheet1.SchDoc with ECWFD2W105JC from ECWFD2W105JC.IntLib
Replace Part C9 Tu 0805 105 50V 10% in E:\1. WORK\Thiet bi\Verotec\PCB design\Verotec_PCB\bristleback_agha\Altium\Sheet1.SchDoc with Tu 0805 105 50V 10% from Altium_Lib_by_KhueNguyenCreator.IntLib
Replace Part C10 Tu 0805 105 50V 10% in E:\1. WORK\Thiet bi\Verotec\PCB design\Verotec_PCB\bristleback_agha\Altium\Sheet1.SchDoc with Tu 0805 105 50V 10% from Altium_Lib_by_KhueNguyenCreator.IntLib
Replace Part C11 Tu 0805 105 50V 10% in E:\1. WORK\Thiet bi\Verotec\PCB design\Verotec_PCB\bristleback_agha\Altium\Sheet1.SchDoc with Tu 0805 105 50V 10% from Altium_Lib_by_KhueNguyenCreator.IntLib
Replace Part D1 Diode 1N4007 in E:\1. WORK\Thiet bi\Verotec\PCB design\Verotec_PCB\bristleback_agha\Altium\Sheet1.SchDoc with Diode 1N4007 from Altium_Lib_by_KhueNguyenCreator.IntLib
Replace Part D2 Diode 1N4007 in E:\1. WORK\Thiet bi\Verotec\PCB design\Verotec_PCB\bristleback_agha\Altium\Sheet1.SchDoc with Diode 1N4007 from Altium_Lib_by_KhueNguyenCreator.IntLib
Replace Part D3 Diode 1N4007 in E:\1. WORK\Thiet bi\Verotec\PCB design\Verotec_PCB\bristleback_agha\Altium\Sheet1.SchDoc with Diode 1N4007 from Altium_Lib_by_KhueNguyenCreator.IntLib
Replace Part D4 Diode 1N4007 in E:\1. WORK\Thiet bi\Verotec\PCB design\Verotec_PCB\bristleback_agha\Altium\Sheet1.SchDoc with Diode 1N4007 from Altium_Lib_by_KhueNguyenCreator.IntLib
Replace Part D5 Diode 1N4007 in E:\1. WORK\Thiet bi\Verotec\PCB design\Verotec_PCB\bristleback_agha\Altium\Sheet1.SchDoc with Diode 1N4007 from Altium_Lib_by_KhueNguyenCreator.IntLib
Replace Part D6 Diode 1N4007 in E:\1. WORK\Thiet bi\Verotec\PCB design\Verotec_PCB\bristleback_agha\Altium\Sheet1.SchDoc with Diode 1N4007 from Altium_Lib_by_KhueNguyenCreator.IntLib
Replace Part door1 Header 2P 2.54 Duc Thang in E:\1. WORK\Thiet bi\Verotec\PCB design\Verotec_PCB\bristleback_agha\Altium\Sheet1.SchDoc with Header 2P 2.54 Duc Thang from Altium_Lib_by_KhueNguyenCreator.IntLib
Replace Part H1 Header 2P VH3.96 Duc Thang in E:\1. WORK\Thiet bi\Verotec\PCB design\Verotec_PCB\bristleback_agha\Altium\Sheet1.SchDoc with Header 2P VH3.96 Duc Thang from Altium_Lib_by_KhueNguyenCreator.IntLib
Replace Part H2 Header 3P 2.54 Duc Thang in E:\1. WORK\Thiet bi\Verotec\PCB design\Verotec_PCB\bristleback_agha\Altium\Sheet1.SchDoc with Header 3P 2.54 Duc Thang from Altium_Lib_by_KhueNguyenCreator.IntLib
Replace Part H3 Header 3P 2.54 Duc Thang in E:\1. WORK\Thiet bi\Verotec\PCB design\Verotec_PCB\bristleback_agha\Altium\Sheet1.SchDoc with Header 3P 2.54 Duc Thang from Altium_Lib_by_KhueNguyenCreator.IntLib
Replace Part H4 Header 3P 2.54 Duc Thang in E:\1. WORK\Thiet bi\Verotec\PCB design\Verotec_PCB\bristleback_agha\Altium\Sheet1.SchDoc with Header 3P 2.54 Duc Thang from Altium_Lib_by_KhueNguyenCreator.IntLib
Replace Part H5 Header 3P 2.54 Duc Thang in E:\1. WORK\Thiet bi\Verotec\PCB design\Verotec_PCB\bristleback_agha\Altium\Sheet1.SchDoc with Header 3P 2.54 Duc Thang from Altium_Lib_by_KhueNguyenCreator.IntLib
Replace Part H6 Header 3P 2.54 Duc Thang in E:\1. WORK\Thiet bi\Verotec\PCB design\Verotec_PCB\bristleback_agha\Altium\Sheet1.SchDoc with Header 3P 2.54 Duc Thang from Altium_Lib_by_KhueNguyenCreator.IntLib
Replace Part inlet1 Header 2P 2.54 Duc Thang in E:\1. WORK\Thiet bi\Verotec\PCB design\Verotec_PCB\bristleback_agha\Altium\Sheet1.SchDoc with Header 2P 2.54 Duc Thang from Altium_Lib_by_KhueNguyenCreator.IntLib
Replace Part L1 LED 3mm Do in E:\1. WORK\Thiet bi\Verotec\PCB design\Verotec_PCB\bristleback_agha\Altium\Sheet1.SchDoc with LED 3mm Do from Altium_Lib_by_KhueNguyenCreator.IntLib
Replace Part Led green1 Header 2P 2.54 Duc Thang in E:\1. WORK\Thiet bi\Verotec\PCB design\Verotec_PCB\bristleback_agha\Altium\Sheet1.SchDoc with Header 2P 2.54 Duc Thang from Altium_Lib_by_KhueNguyenCreator.IntLib
Replace Part Led red1 Header 2P 2.54 Duc Thang in E:\1. WORK\Thiet bi\Verotec\PCB design\Verotec_PCB\bristleback_agha\Altium\Sheet1.SchDoc with Header 2P 2.54 Duc Thang from Altium_Lib_by_KhueNguyenCreator.IntLib
Replace Part Lm1 LM7809CT in E:\1. WORK\Thiet bi\Verotec\PCB design\Verotec_PCB\bristleback_agha\Altium\Sheet1.SchDoc with LM7809CT from LM7809CT.IntLib
Replace Part Max1 MAX232CWE-TG002 in E:\1. WORK\Thiet bi\Verotec\PCB design\Verotec_PCB\bristleback_agha\Altium\Sheet1.SchDoc with MAX232CWE-TG002 from MAX232CWE-TG002.IntLib
Replace Part Motor1 Header 2P VH3.96 Duc Thang in E:\1. WORK\Thiet bi\Verotec\PCB design\Verotec_PCB\bristleback_agha\Altium\Sheet1.SchDoc with Header 2P VH3.96 Duc Thang from Altium_Lib_by_KhueNguyenCreator.IntLib
Replace Part nozzle1 Header 2P 2.54 Duc Thang in E:\1. WORK\Thiet bi\Verotec\PCB design\Verotec_PCB\bristleback_agha\Altium\Sheet1.SchDoc with Header 2P 2.54 Duc Thang from Altium_Lib_by_KhueNguyenCreator.IntLib
Replace Part Q1 LM7805CT/NOPB in E:\1. WORK\Thiet bi\Verotec\PCB design\Verotec_PCB\bristleback_agha\Altium\Sheet1.SchDoc with LM7805CT/NOPB from LM7805CT_NOPB.IntLib
Replace Part Q2 2N2222 in E:\1. WORK\Thiet bi\Verotec\PCB design\Verotec_PCB\bristleback_agha\Altium\Sheet1.SchDoc with 2N2222 from 2N2222.IntLib
Replace Part Q3 2N2222 in E:\1. WORK\Thiet bi\Verotec\PCB design\Verotec_PCB\bristleback_agha\Altium\Sheet1.SchDoc with 2N2222 from 2N2222.IntLib
Replace Part Q4 2N2222 in E:\1. WORK\Thiet bi\Verotec\PCB design\Verotec_PCB\bristleback_agha\Altium\Sheet1.SchDoc with 2N2222 from 2N2222.IntLib
Replace Part R1 Tro 0805 1% 3.3k in E:\1. WORK\Thiet bi\Verotec\PCB design\Verotec_PCB\bristleback_agha\Altium\Sheet1.SchDoc with Tro 0805 1% 3.3k from Altium_Lib_by_KhueNguyenCreator.IntLib
Replace Part R2 Tro 0805 1% 3.3k in E:\1. WORK\Thiet bi\Verotec\PCB design\Verotec_PCB\bristleback_agha\Altium\Sheet1.SchDoc with Tro 0805 1% 3.3k from Altium_Lib_by_KhueNguyenCreator.IntLib
Replace Part R3 Tro 0805 1% 3.3k in E:\1. WORK\Thiet bi\Verotec\PCB design\Verotec_PCB\bristleback_agha\Altium\Sheet1.SchDoc with Tro 0805 1% 3.3k from Altium_Lib_by_KhueNguyenCreator.IntLib
Replace Part R4 Tro 0805 1% 3.3k in E:\1. WORK\Thiet bi\Verotec\PCB design\Verotec_PCB\bristleback_agha\Altium\Sheet1.SchDoc with Tro 0805 1% 3.3k from Altium_Lib_by_KhueNguyenCreator.IntLib
Replace Part R5 Tro 0805 1% 3.3k in E:\1. WORK\Thiet bi\Verotec\PCB design\Verotec_PCB\bristleback_agha\Altium\Sheet1.SchDoc with Tro 0805 1% 3.3k from Altium_Lib_by_KhueNguyenCreator.IntLib
Replace Part R6 Tro 0805 1% 3.3k in E:\1. WORK\Thiet bi\Verotec\PCB design\Verotec_PCB\bristleback_agha\Altium\Sheet1.SchDoc with Tro 0805 1% 3.3k from Altium_Lib_by_KhueNguyenCreator.IntLib
Replace Part R7 Tro 0805 1% 3.3k in E:\1. WORK\Thiet bi\Verotec\PCB design\Verotec_PCB\bristleback_agha\Altium\Sheet1.SchDoc with Tro 0805 1% 3.3k from Altium_Lib_by_KhueNguyenCreator.IntLib
Replace Part R8 Tro 0805 5% 10k in E:\1. WORK\Thiet bi\Verotec\PCB design\Verotec_PCB\bristleback_agha\Altium\Sheet1.SchDoc with Tro 0805 5% 10k from Altium_Lib_by_KhueNguyenCreator.IntLib
Replace Part R9 Tro 0805 5% 10k in E:\1. WORK\Thiet bi\Verotec\PCB design\Verotec_PCB\bristleback_agha\Altium\Sheet1.SchDoc with Tro 0805 5% 10k from Altium_Lib_by_KhueNguyenCreator.IntLib
Replace Part R10 Tro 0805 5% 10k in E:\1. WORK\Thiet bi\Verotec\PCB design\Verotec_PCB\bristleback_agha\Altium\Sheet1.SchDoc with Tro 0805 5% 10k from Altium_Lib_by_KhueNguyenCreator.IntLib
Replace Part R11 Tro 0805 1% 3.3k in E:\1. WORK\Thiet bi\Verotec\PCB design\Verotec_PCB\bristleback_agha\Altium\Sheet1.SchDoc with Tro 0805 1% 3.3k from Altium_Lib_by_KhueNguyenCreator.IntLib
Replace Part R12 Tro 0805 1% 3.3k in E:\1. WORK\Thiet bi\Verotec\PCB design\Verotec_PCB\bristleback_agha\Altium\Sheet1.SchDoc with Tro 0805 1% 3.3k from Altium_Lib_by_KhueNguyenCreator.IntLib
Replace Part RL1 Relay 5 Chan SRD in E:\1. WORK\Thiet bi\Verotec\PCB design\Verotec_PCB\bristleback_agha\Altium\Sheet1.SchDoc with Relay 5 Chan SRD from Altium_Lib_by_KhueNguyenCreator.IntLib
Replace Part RL2 Relay 5 Chan SRD in E:\1. WORK\Thiet bi\Verotec\PCB design\Verotec_PCB\bristleback_agha\Altium\Sheet1.SchDoc with Relay 5 Chan SRD from Altium_Lib_by_KhueNguyenCreator.IntLib
Replace Part Temperature Header1 Header 3P 2.54 Duc Thang in E:\1. WORK\Thiet bi\Verotec\PCB design\Verotec_PCB\bristleback_agha\Altium\Sheet1.SchDoc with Header 3P 2.54 Duc Thang from Altium_Lib_by_KhueNguyenCreator.IntLib
Replace Part U1 OPTO PC817 SMD in E:\1. WORK\Thiet bi\Verotec\PCB design\Verotec_PCB\bristleback_agha\Altium\Sheet1.SchDoc with OPTO PC817 SMD from Altium_Lib_by_KhueNguyenCreator.IntLib
Replace Part U2 OPTO PC817 SMD in E:\1. WORK\Thiet bi\Verotec\PCB design\Verotec_PCB\bristleback_agha\Altium\Sheet1.SchDoc with OPTO PC817 SMD from Altium_Lib_by_KhueNguyenCreator.IntLib
